<?xml version="1.0" encoding="UTF-8"?>
<testng-results ignored="1" total="2" passed="1" failed="0" skipped="0">
  <reporter-output>
  </reporter-output>
  <suite started-at="2019-09-24T01:35:09Z" name="Default suite" finished-at="2019-09-24T01:35:27Z" duration-ms="18329">
    <groups>
    </groups>
    <test started-at="2019-09-24T01:35:09Z" name="Default test" finished-at="2019-09-24T01:35:27Z" duration-ms="18329">
      <class name="com.webappsecurity.tests.ViewAccountSummary">
        <test-method is-config="true" signature="setUp()[pri:0, instance:com.webappsecurity.tests.ViewAccountSummary@b9b00e0]" started-at="2019-09-24T01:35:09Z" name="setUp" finished-at="2019-09-24T01:35:18Z" duration-ms="9347" status="PASS">
          <reporter-output>
          </reporter-output>
        </test-method> <!-- setUp -->
        <test-method signature="testCollapsiable()[pri:0, instance:com.webappsecurity.tests.ViewAccountSummary@b9b00e0]" started-at="2019-09-24T01:35:18Z" name="testCollapsiable" finished-at="2019-09-24T01:35:27Z" duration-ms="8758" status="PASS">
          <reporter-output>
          </reporter-output>
        </test-method> <!-- testCollapsiable -->
      </class> <!-- com.webappsecurity.tests.ViewAccountSummary -->
    </test> <!-- Default test -->
  </suite> <!-- Default suite -->
</testng-results>
