<?xml version="1.0" encoding="UTF-8"?>
<testng-results ignored="0" total="1" passed="1" failed="0" skipped="0">
  <reporter-output>
  </reporter-output>
  <suite started-at="2019-09-23T01:28:14Z" name="Default suite" finished-at="2019-09-23T01:28:30Z" duration-ms="16410">
    <groups>
    </groups>
    <test started-at="2019-09-23T01:28:14Z" name="Default test" finished-at="2019-09-23T01:28:30Z" duration-ms="16410">
      <class name="com.webappsecurity.tests.ViewAccountSummary">
        <test-method is-config="true" signature="setUp()[pri:0, instance:com.webappsecurity.tests.ViewAccountSummary@13fd2ccd]" started-at="2019-09-23T01:28:14Z" name="setUp" finished-at="2019-09-23T01:28:26Z" duration-ms="11775" status="PASS">
          <reporter-output>
          </reporter-output>
        </test-method> <!-- setUp -->
        <test-method signature="viewSummary()[pri:0, instance:com.webappsecurity.tests.ViewAccountSummary@13fd2ccd]" started-at="2019-09-23T01:28:26Z" name="viewSummary" finished-at="2019-09-23T01:28:30Z" duration-ms="4344" status="PASS">
          <reporter-output>
          </reporter-output>
        </test-method> <!-- viewSummary -->
      </class> <!-- com.webappsecurity.tests.ViewAccountSummary -->
    </test> <!-- Default test -->
  </suite> <!-- Default suite -->
</testng-results>
