<?xml version="1.0" encoding="UTF-8"?>
<!-- Generated by org.testng.reporters.JUnitXMLReporter -->
<testsuite ignored="1" hostname="User-PC" failures="0" tests="1" name="Default test" time="18.329" errors="0" timestamp="24 Sep 2019 01:35:28 GMT">
  <testcase classname="com.webappsecurity.tests.ViewAccountSummary" name="testCollapsiable" time="8.758"/>
  <testcase classname="com.webappsecurity.tests.ViewAccountSummary" name="viewSummary" time="0.0">
    <ignored/>
  </testcase> <!-- viewSummary -->
</testsuite> <!-- Default test -->
